[2019-07-30 08:50:20] merlin-logger.DEBUG: The welcome step has been displayed [] []
[2019-07-30 08:50:24] merlin-logger.DEBUG: The child theme installation step has been displayed [] []
[2019-07-30 08:50:27] merlin-logger.DEBUG: The child theme style.css content was generated [] []
[2019-07-30 08:50:27] merlin-logger.DEBUG: The child theme functions.php content was generated [] []
[2019-07-30 08:50:27] merlin-logger.DEBUG: The child theme screenshot was copied to the child theme, with the following result {"copied":true} []
[2019-07-30 08:50:27] merlin-logger.DEBUG: The newly generated child theme was activated [] []
[2019-07-30 08:50:32] merlin-logger.DEBUG: The plugin installation step has been displayed [] []
[2019-07-30 08:50:41] merlin-logger.DEBUG: A plugin with the following data will be processed {"plugin_slug":"cmb2","message":"Installing"} []
[2019-07-30 08:50:47] merlin-logger.DEBUG: A plugin with the following data will be processed {"plugin_slug":"cmb2","message":"Activating"} []
[2019-07-30 08:50:49] merlin-logger.DEBUG: A plugin with the following data was processed {"plugin_slug":"cmb2"} []
[2019-07-30 08:50:49] merlin-logger.DEBUG: A plugin with the following data will be processed {"plugin_slug":"Ebor-Framework-master","message":"Installing"} []
[2019-07-30 08:50:56] merlin-logger.DEBUG: A plugin with the following data will be processed {"plugin_slug":"Ebor-Framework-master","message":"Activating"} []
[2019-07-30 08:50:57] merlin-logger.DEBUG: A plugin with the following data was processed {"plugin_slug":"Ebor-Framework-master"} []
[2019-07-30 08:50:58] merlin-logger.DEBUG: A plugin with the following data will be processed {"plugin_slug":"classic-editor","message":"Installing"} []
[2019-07-30 08:51:01] merlin-logger.DEBUG: A plugin with the following data will be processed {"plugin_slug":"classic-editor","message":"Activating"} []
[2019-07-30 08:51:02] merlin-logger.DEBUG: A plugin with the following data was processed {"plugin_slug":"classic-editor"} []
[2019-07-30 08:51:03] merlin-logger.DEBUG: A plugin with the following data will be processed {"plugin_slug":"contact-form-7","message":"Installing"} []
[2019-07-30 08:51:07] merlin-logger.DEBUG: A plugin with the following data will be processed {"plugin_slug":"contact-form-7","message":"Activating"} []
[2019-07-30 08:51:08] merlin-logger.DEBUG: A plugin with the following data was processed {"plugin_slug":"contact-form-7"} []
[2019-07-30 08:51:08] merlin-logger.DEBUG: A plugin with the following data will be processed {"plugin_slug":"one-click-demo-import","message":"Installing"} []
[2019-07-30 08:51:12] merlin-logger.DEBUG: A plugin with the following data will be processed {"plugin_slug":"one-click-demo-import","message":"Activating"} []
[2019-07-30 08:51:13] merlin-logger.DEBUG: A plugin with the following data was processed {"plugin_slug":"one-click-demo-import"} []
[2019-07-30 08:51:13] merlin-logger.DEBUG: A plugin with the following data will be processed {"plugin_slug":"Variant-WP-Page-Builder-master","message":"Installing"} []
[2019-07-30 08:51:17] merlin-logger.DEBUG: A plugin with the following data will be processed {"plugin_slug":"Variant-WP-Page-Builder-master","message":"Activating"} []
[2019-07-30 08:51:19] merlin-logger.DEBUG: A plugin with the following data was processed {"plugin_slug":"Variant-WP-Page-Builder-master"} []
[2019-07-30 08:51:19] merlin-logger.DEBUG: A plugin with the following data will be processed {"plugin_slug":"js_composer","message":"Installing"} []
[2019-07-30 08:51:24] merlin-logger.DEBUG: A plugin with the following data will be processed {"plugin_slug":"js_composer","message":"Activating"} []
[2019-07-30 08:51:26] merlin-logger.DEBUG: A plugin with the following data was processed {"plugin_slug":"js_composer"} []
[2019-07-30 08:51:27] merlin-logger.DEBUG: A plugin with the following data was processed {"plugin_slug":"js_composer"} []
[2019-07-30 08:51:27] merlin-logger.DEBUG: A plugin with the following data will be processed {"plugin_slug":"wp-less","message":"Installing"} []
[2019-07-30 08:51:32] merlin-logger.DEBUG: A plugin with the following data will be processed {"plugin_slug":"wp-less","message":"Activating"} []
[2019-07-30 08:51:34] merlin-logger.DEBUG: A plugin with the following data was processed {"plugin_slug":"wp-less"} []
[2019-07-30 08:51:34] merlin-logger.DEBUG: A plugin with the following data will be processed {"plugin_slug":"woocommerce","message":"Installing"} []
[2019-07-30 08:51:44] merlin-logger.DEBUG: A plugin with the following data will be processed {"plugin_slug":"woocommerce","message":"Activating"} []
[2019-07-30 08:51:51] merlin-logger.DEBUG: A plugin with the following data was processed {"plugin_slug":"woocommerce"} []
